<?xml version="1.0" encoding="UTF-8"?>
<testng-results ignored="0" total="2" passed="2" failed="0" skipped="0">
  <reporter-output>
  </reporter-output>
  <suite started-at="2022-06-21T15:45:32 IST" name="Suite" finished-at="2022-06-21T15:45:48 IST" duration-ms="16340">
    <groups>
    </groups>
    <test started-at="2022-06-21T15:45:32 IST" name="Test" finished-at="2022-06-21T15:45:48 IST" duration-ms="16340">
      <class name="tests.HRMLoginTest">
        <test-method is-config="true" signature="launchApp()[pri:0, instance:tests.HRMLoginTest@3d6f0054]" started-at="2022-06-21T15:45:32 IST" name="launchApp" finished-at="2022-06-21T15:45:38 IST" duration-ms="6157" status="PASS">
          <reporter-output>
          </reporter-output>
        </test-method> <!-- launchApp -->
        <test-method signature="login()[pri:0, instance:tests.HRMLoginTest@3d6f0054]" started-at="2022-06-21T15:45:38 IST" name="login" finished-at="2022-06-21T15:45:43 IST" duration-ms="4880" status="PASS">
          <reporter-output>
          </reporter-output>
        </test-method> <!-- login -->
        <test-method signature="verifydashBoard()[pri:0, instance:tests.HRMLoginTest@3d6f0054]" started-at="2022-06-21T15:45:43 IST" name="verifydashBoard" finished-at="2022-06-21T15:45:43 IST" duration-ms="0" status="PASS">
          <reporter-output>
          </reporter-output>
        </test-method> <!-- verifydashBoard -->
        <test-method is-config="true" signature="closeApp()[pri:0, instance:tests.HRMLoginTest@3d6f0054]" started-at="2022-06-21T15:45:43 IST" name="closeApp" finished-at="2022-06-21T15:45:48 IST" duration-ms="5253" status="PASS">
          <reporter-output>
          </reporter-output>
        </test-method> <!-- closeApp -->
      </class> <!-- tests.HRMLoginTest -->
    </test> <!-- Test -->
  </suite> <!-- Suite -->
</testng-results>
