<?xml version="1.0" encoding="UTF-8"?>
<testng-results ignored="0" total="1" passed="1" failed="0" skipped="0">
  <reporter-output>
  </reporter-output>
  <suite started-at="2022-06-23T14:59:10 IST" name="Default suite" finished-at="2022-06-23T14:59:57 IST" duration-ms="47237">
    <groups>
    </groups>
    <test started-at="2022-06-23T14:59:10 IST" name="Default test" finished-at="2022-06-23T14:59:57 IST" duration-ms="47237">
      <class name="openCSV.ReadDataUsingOpenCSV">
        <test-method is-config="true" signature="setup()[pri:0, instance:openCSV.ReadDataUsingOpenCSV@4efac082]" started-at="2022-06-23T14:59:10 IST" name="setup" finished-at="2022-06-23T14:59:17 IST" duration-ms="6901" status="PASS">
          <reporter-output>
          </reporter-output>
        </test-method> <!-- setup -->
        <test-method signature="dataRead_CSV()[pri:0, instance:openCSV.ReadDataUsingOpenCSV@4efac082]" started-at="2022-06-23T14:59:17 IST" name="dataRead_CSV" finished-at="2022-06-23T14:59:53 IST" duration-ms="35806" status="PASS">
          <reporter-output>
          </reporter-output>
        </test-method> <!-- dataRead_CSV -->
        <test-method is-config="true" signature="exit()[pri:0, instance:openCSV.ReadDataUsingOpenCSV@4efac082]" started-at="2022-06-23T14:59:53 IST" name="exit" finished-at="2022-06-23T14:59:57 IST" duration-ms="4437" status="PASS">
          <reporter-output>
          </reporter-output>
        </test-method> <!-- exit -->
      </class> <!-- openCSV.ReadDataUsingOpenCSV -->
    </test> <!-- Default test -->
  </suite> <!-- Default suite -->
</testng-results>
